<?xml version="1.0" encoding="UTF-8"?>
<!-- Generated by org.testng.reporters.JUnitXMLReporter -->
<testsuite ignored="2" hostname="DESKTOP-LLS7CNB" failures="0" tests="1" name="Default test" time="21.895" errors="0" timestamp="2024-01-22T00:31:43 EET">
  <testcase classname="AppiumApplicationTest" name="clickonevenNumbers" time="21.816"/>
  <testcase classname="AppiumApplicationTest" name="myTest" time="0.0">
    <ignored/>
  </testcase> <!-- myTest -->
  <testcase classname="AppiumApplicationTest" name="ClickOnAllnumbers" time="0.0">
    <ignored/>
  </testcase> <!-- ClickOnAllnumbers -->
</testsuite> <!-- Default test -->
